<?xml version="1.0" encoding="utf-8" standalone="no"?>
<!--This file represents the results of running a test suite-->
<test-results name="D:\VirtualBox VMs\Common Folder\РасчетПробокПоГОСТ24853-81\МашиностроительнаяБиблиотекаТесты\bin\Debug\МашиностроительнаяБиблиотекаТесты.exe" total="9" errors="0" failures="0" not-run="0" inconclusive="0" ignored="0" skipped="0" invalid="0" date="2012-09-30" time="09:08:00">
  <environment nunit-version="2.6.1.12217" clr-version="4.0.30319.269" os-version="Microsoft Windows NT 6.1.7601 Service Pack 1" platform="Win32NT" cwd="D:\VirtualBox VMs\Common Folder\РасчетПробокПоГОСТ24853-81\МашиностроительнаяБиблиотекаТесты\bin\Debug" machine-name="ARTEM-PC" user="Artem" user-domain="Artem-PC" />
  <culture-info current-culture="ru-RU" current-uiculture="ru-RU" />
  <test-suite type="Assembly" name="D:\VirtualBox VMs\Common Folder\РасчетПробокПоГОСТ24853-81\МашиностроительнаяБиблиотекаТесты\bin\Debug\МашиностроительнаяБиблиотекаТесты.exe" executed="True" result="Success" success="True" time="0.109" asserts="0">
    <results>
      <test-suite type="Namespace" name="МашиностроительнаяБиблиотекаТесты" executed="True" result="Success" success="True" time="0.102" asserts="0">
        <results>
          <test-suite type="TestFixture" name="КалькуляторПробокТесты" executed="True" result="Success" success="True" time="0.090" asserts="0">
            <results>
              <test-case name="МашиностроительнаяБиблиотекаТесты.КалькуляторПробокТесты.ВычислитьРазмерПробкиНЕ" executed="True" result="Success" success="True" time="0.040" asserts="3" />
              <test-case name="МашиностроительнаяБиблиотекаТесты.КалькуляторПробокТесты.ВычислитьРазмерПробкиПР" executed="True" result="Success" success="True" time="0.001" asserts="3" />
              <test-case name="МашиностроительнаяБиблиотекаТесты.КалькуляторПробокТесты.ВычислитьРазмерПробкиПРизнош" executed="True" result="Success" success="True" time="0.003" asserts="3" />
              <test-case name="МашиностроительнаяБиблиотекаТесты.КалькуляторПробокТесты.ОкруглитьРазмерДоПоловиныМикрометраВБольшуюСторону" executed="True" result="Success" success="True" time="0.001" asserts="6" />
              <test-case name="МашиностроительнаяБиблиотекаТесты.КалькуляторПробокТесты.ОкруглитьРазмерДоПоловиныМикрометраВМеньшуюСторону" executed="True" result="Success" success="True" time="0.000" asserts="6" />
            </results>
          </test-suite>
          <test-suite type="TestFixture" name="ТаблицаДопусковТесты" executed="True" result="Success" success="True" time="0.010" asserts="0">
            <results>
              <test-case name="МашиностроительнаяБиблиотекаТесты.ТаблицаДопусковТесты.ПроверитьКонтрольныеСуммыДопусков" executed="True" result="Success" success="True" time="0.001" asserts="20" />
              <test-case name="МашиностроительнаяБиблиотекаТесты.ТаблицаДопусковТесты.ТестНайтиДопуск" executed="True" result="Success" success="True" time="0.001" asserts="1" />
              <test-case name="МашиностроительнаяБиблиотекаТесты.ТаблицаДопусковТесты.ТестНайтиКвалитетПоДиаметруИДопуску" executed="True" result="Success" success="True" time="0.002" asserts="520" />
              <test-case name="МашиностроительнаяБиблиотекаТесты.ТаблицаДопусковТесты.ТестНайтиКвалитетТочноИлиСтроже" executed="True" result="Success" success="True" time="0.001" asserts="4" />
            </results>
          </test-suite>
        </results>
      </test-suite>
    </results>
  </test-suite>
</test-results>